Arguments: 
  /home/ubuntu/.nvm/versions/node/v6.11.2/bin/node /home/ubuntu/.nvm/versions/node/v6.11.2/bin/yarn add @polymer/app-router@3.0.0-pre.12

PATH: 
  /home/ubuntu/.nvm/versions/node/v6.11.2/bin:/usr/local/rvm/gems/ruby-2.4.0/bin:/usr/local/rvm/gems/ruby-2.4.0@global/bin:/usr/local/rvm/rubies/ruby-2.4.0/bin:/mnt/shared/bin:/home/ubuntu/workspace/node_modules/.bin:/home/ubuntu/bin:/usr/local/sbin:/usr/local/bin:/usr/sbin:/usr/bin:/sbin:/bin:/mnt/shared/sbin:/opt/gitl:/opt/go/bin:/mnt/shared/c9/app.nw/bin:/usr/local/rvm/bin

Yarn version: 
  1.5.1

Node version: 
  6.11.2

Platform: 
  linux x64

npm manifest: 
  {
    "name": "coating-designer-app",
    "version": "1.0.0",
    "main": "index.js",
    "repository": "https://github.com/jhans3br/coating-designer-app.git",
    "author": "Jason Hansell <jasonhansell@gmail.com>",
    "license": "MIT",
    "flat": true,
    "dependencies": {
      "@polymer/app-layout": "3.0.0-pre.12",
      "@polymer/iron-pages": "3.0.0-pre.12",
      "@polymer/polymer": "3.0.0-pre.12"
    },
    "scripts": {
      "serve": "polymer serve --hostname 0.0.0.0"
    }
  }

yarn manifest: 
  No manifest

Lockfile: 
  # THIS IS AN AUTOGENERATED FILE. DO NOT EDIT THIS FILE DIRECTLY.
  # yarn lockfile v1
  
  
  "@polymer/app-layout@3.0.0-pre.12":
    version "3.0.0-pre.12"
    resolved "https://registry.yarnpkg.com/@polymer/app-layout/-/app-layout-3.0.0-pre.12.tgz#3e93514ecdc5e02a6b9fca586eb9d46ff78a4992"
    dependencies:
      "@polymer/iron-flex-layout" "3.0.0-pre.12"
      "@polymer/iron-media-query" "3.0.0-pre.12"
      "@polymer/iron-resizable-behavior" "3.0.0-pre.12"
      "@polymer/iron-scroll-target-behavior" "3.0.0-pre.12"
      "@polymer/polymer" "3.0.0-pre.12"
  
  "@polymer/iron-flex-layout@3.0.0-pre.12":
    version "3.0.0-pre.12"
    resolved "https://registry.yarnpkg.com/@polymer/iron-flex-layout/-/iron-flex-layout-3.0.0-pre.12.tgz#209791d067521115e61a9fb2cb4070f0de82322b"
    dependencies:
      "@polymer/polymer" "3.0.0-pre.12"
  
  "@polymer/iron-media-query@3.0.0-pre.12":
    version "3.0.0-pre.12"
    resolved "https://registry.yarnpkg.com/@polymer/iron-media-query/-/iron-media-query-3.0.0-pre.12.tgz#b24ad27df566d6990798f5465a7bade40ee197d5"
    dependencies:
      "@polymer/polymer" "3.0.0-pre.12"
  
  "@polymer/iron-pages@3.0.0-pre.12":
    version "3.0.0-pre.12"
    resolved "https://registry.yarnpkg.com/@polymer/iron-pages/-/iron-pages-3.0.0-pre.12.tgz#3a1c6d462411dbfcd268c6f6544e836379a151b6"
    dependencies:
      "@polymer/iron-resizable-behavior" "3.0.0-pre.12"
      "@polymer/iron-selector" "3.0.0-pre.12"
      "@polymer/polymer" "3.0.0-pre.12"
  
  "@polymer/iron-resizable-behavior@3.0.0-pre.12":
    version "3.0.0-pre.12"
    resolved "https://registry.yarnpkg.com/@polymer/iron-resizable-behavior/-/iron-resizable-behavior-3.0.0-pre.12.tgz#22d468736073c7a65552000bc607ef7507328380"
    dependencies:
      "@polymer/polymer" "3.0.0-pre.12"
  
  "@polymer/iron-scroll-target-behavior@3.0.0-pre.12":
    version "3.0.0-pre.12"
    resolved "https://registry.yarnpkg.com/@polymer/iron-scroll-target-behavior/-/iron-scroll-target-behavior-3.0.0-pre.12.tgz#1c8e579cb1267c9d224a3a05255f442aa989fb98"
    dependencies:
      "@polymer/polymer" "3.0.0-pre.12"
  
  "@polymer/iron-selector@3.0.0-pre.12":
    version "3.0.0-pre.12"
    resolved "https://registry.yarnpkg.com/@polymer/iron-selector/-/iron-selector-3.0.0-pre.12.tgz#0205c620b999f6e790db10200ccfdfd02916a78c"
    dependencies:
      "@polymer/polymer" "3.0.0-pre.12"
  
  "@polymer/polymer@3.0.0-pre.12":
    version "3.0.0-pre.12"
    resolved "https://registry.yarnpkg.com/@polymer/polymer/-/polymer-3.0.0-pre.12.tgz#3f5dd19099a194bf1066cf417ae13c335bd63b04"
    dependencies:
      "@webcomponents/shadycss" "^1.0.0"
      "@webcomponents/webcomponentsjs" "^1.0.0"
  
  "@webcomponents/shadycss@^1.0.0":
    version "1.1.3"
    resolved "https://registry.yarnpkg.com/@webcomponents/shadycss/-/shadycss-1.1.3.tgz#6d4c7d2d842de9dba1b3ac5cc051938b8439c043"
  
  "@webcomponents/webcomponentsjs@^1.0.0":
    version "1.2.0"
    resolved "https://registry.yarnpkg.com/@webcomponents/webcomponentsjs/-/webcomponentsjs-1.2.0.tgz#c9e129340c3e4637f5fa6505e968e85face7bd5b"

Trace: 
  Error: https://registry.yarnpkg.com/@polymer%2fapp-router: Not found
      at Request.params.callback [as _callback] (/home/ubuntu/.nvm/versions/node/v6.11.2/lib/node_modules/yarn/lib/cli.js:65019:18)
      at Request.self.callback (/home/ubuntu/.nvm/versions/node/v6.11.2/lib/node_modules/yarn/lib/cli.js:132430:22)
      at emitTwo (events.js:106:13)
      at Request.emit (events.js:191:7)
      at Request.<anonymous> (/home/ubuntu/.nvm/versions/node/v6.11.2/lib/node_modules/yarn/lib/cli.js:133413:10)
      at emitOne (events.js:96:13)
      at Request.emit (events.js:188:7)
      at IncomingMessage.<anonymous> (/home/ubuntu/.nvm/versions/node/v6.11.2/lib/node_modules/yarn/lib/cli.js:133333:12)
      at IncomingMessage.g (events.js:292:16)
      at emitNone (events.js:91:20)
